Release 14.7 - xst P.20131013 (nt64)
Copyright (c) 1995-2013 Xilinx, Inc.  All rights reserved.
--> Parameter TMPDIR set to xst/projnav.tmp


Total REAL time to Xst completion: 0.00 secs
Total CPU time to Xst completion: 0.11 secs
 
--> Parameter xsthdpdir set to xst


Total REAL time to Xst completion: 0.00 secs
Total CPU time to Xst completion: 0.11 secs
 
--> Reading design: segment.prj

TABLE OF CONTENTS
  1) Synthesis Options Summary
  2) HDL Parsing
  3) HDL Elaboration
  4) HDL Synthesis
       4.1) HDL Synthesis Report
  5) Advanced HDL Synthesis
       5.1) Advanced HDL Synthesis Report
  6) Low Level Synthesis
  7) Partition Report
  8) Design Summary
       8.1) Primitive and Black Box Usage
       8.2) Device utilization summary
       8.3) Partition Resource Summary
       8.4) Timing Report
            8.4.1) Clock Information
            8.4.2) Asynchronous Control Signals Information
            8.4.3) Timing Summary
            8.4.4) Timing Details
            8.4.5) Cross Clock Domains Report


=========================================================================
*                      Synthesis Options Summary                        *
=========================================================================
---- Source Parameters
Input File Name                    : "segment.prj"
Ignore Synthesis Constraint File   : NO

---- Target Parameters
Output File Name                   : "segment"
Output Format                      : NGC
Target Device                      : xc6slx9-3-tqg144

---- Source Options
Top Module Name                    : segment
Automatic FSM Extraction           : YES
FSM Encoding Algorithm             : Auto
Safe Implementation                : No
FSM Style                          : LUT
RAM Extraction                     : Yes
RAM Style                          : Auto
ROM Extraction                     : Yes
Shift Register Extraction          : YES
ROM Style                          : Auto
Resource Sharing                   : YES
Asynchronous To Synchronous        : NO
Shift Register Minimum Size        : 2
Use DSP Block                      : Auto
Automatic Register Balancing       : No

---- Target Options
LUT Combining                      : Auto
Reduce Control Sets                : Auto
Add IO Buffers                     : YES
Global Maximum Fanout              : 100000
Add Generic Clock Buffer(BUFG)     : 16
Register Duplication               : YES
Optimize Instantiated Primitives   : NO
Use Clock Enable                   : Auto
Use Synchronous Set                : Auto
Use Synchronous Reset              : Auto
Pack IO Registers into IOBs        : Auto
Equivalent register Removal        : YES

---- General Options
Optimization Goal                  : Speed
Optimization Effort                : 1
Power Reduction                    : NO
Keep Hierarchy                     : No
Netlist Hierarchy                  : As_Optimized
RTL Output                         : Yes
Global Optimization                : AllClockNets
Read Cores                         : YES
Write Timing Constraints           : NO
Cross Clock Analysis               : NO
Hierarchy Separator                : /
Bus Delimiter                      : <>
Case Specifier                     : Maintain
Slice Utilization Ratio            : 100
BRAM Utilization Ratio             : 100
DSP48 Utilization Ratio            : 100
Auto BRAM Packing                  : NO
Slice Utilization Ratio Delta      : 5

=========================================================================


=========================================================================
*                          HDL Parsing                                  *
=========================================================================
Analyzing Verilog file "C:\xilinx_workspace\segment\segment.v" into library work
Parsing module <segment>.

=========================================================================
*                            HDL Elaboration                            *
=========================================================================

Elaborating module <segment>.

=========================================================================
*                           HDL Synthesis                               *
=========================================================================

Synthesizing Unit <segment>.
    Related source file is "C:\xilinx_workspace\segment\segment.v".
    Found 7-bit register for signal <seg>.
    Found 4-bit register for signal <common>.
    Found 1-bit register for signal <sel>.
    Summary:
	inferred  12 D-type flip-flop(s).
	inferred   1 Multiplexer(s).
Unit <segment> synthesized.

=========================================================================
HDL Synthesis Report

Macro Statistics
# Registers                                            : 3
 1-bit register                                        : 1
 4-bit register                                        : 1
 7-bit register                                        : 1
# Multiplexers                                         : 1
 7-bit 2-to-1 multiplexer                              : 1

=========================================================================

=========================================================================
*                       Advanced HDL Synthesis                          *
=========================================================================

WARNING:Xst:1710 - FF/Latch <common_1> (without init value) has a constant value of 1 in block <segment>. This FF/Latch will be trimmed during the optimization process.
WARNING:Xst:1895 - Due to other FF/Latch trimming, FF/Latch <common_2> (without init value) has a constant value of 1 in block <segment>. This FF/Latch will be trimmed during the optimization process.

=========================================================================
Advanced HDL Synthesis Report

Macro Statistics
# Registers                                            : 12
 Flip-Flops                                            : 12
# Multiplexers                                         : 1
 7-bit 2-to-1 multiplexer                              : 1

=========================================================================

=========================================================================
*                         Low Level Synthesis                           *
=========================================================================
WARNING:Xst:1710 - FF/Latch <common_1> (without init value) has a constant value of 1 in block <segment>. This FF/Latch will be trimmed during the optimization process.
WARNING:Xst:1895 - Due to other FF/Latch trimming, FF/Latch <common_2> (without init value) has a constant value of 1 in block <segment>. This FF/Latch will be trimmed during the optimization process.

Optimizing unit <segment> ...
INFO:Xst:2261 - The FF/Latch <sel> in Unit <segment> is equivalent to the following FF/Latch, which will be removed : <common_0> 

Mapping all equations...
Building and optimizing final netlist ...
Found area constraint ratio of 100 (+ 5) on block segment, actual ratio is 0.

Final Macro Processing ...

=========================================================================
Final Register Report

Macro Statistics
# Registers                                            : 9
 Flip-Flops                                            : 9

=========================================================================

=========================================================================
*                           Partition Report                            *
=========================================================================

Partition Implementation Status
-------------------------------

  No Partitions were found in this design.

-------------------------------

=========================================================================
*                            Design Summary                             *
=========================================================================

Top Level Output File Name         : segment.ngc

Primitive and Black Box Usage:
------------------------------
# BELS                             : 16
#      INV                         : 1
#      LUT4                        : 7
#      LUT6                        : 7
#      VCC                         : 1
# FlipFlops/Latches                : 9
#      FD                          : 9
# Clock Buffers                    : 1
#      BUFGP                       : 1
# IO Buffers                       : 21
#      IBUF                        : 9
#      OBUF                        : 12

Device utilization summary:
---------------------------

Selected Device : 6slx9tqg144-3 


Slice Logic Utilization: 
 Number of Slice Registers:               9  out of  11440     0%  
 Number of Slice LUTs:                   15  out of   5720     0%  
    Number used as Logic:                15  out of   5720     0%  

Slice Logic Distribution: 
 Number of LUT Flip Flop pairs used:     16
   Number with an unused Flip Flop:       7  out of     16    43%  
   Number with an unused LUT:             1  out of     16     6%  
   Number of fully used LUT-FF pairs:     8  out of     16    50%  
   Number of unique control sets:         1

IO Utilization: 
 Number of IOs:                          22
 Number of bonded IOBs:                  22  out of    102    21%  

Specific Feature Utilization:
 Number of BUFG/BUFGCTRLs:                1  out of     16     6%  

---------------------------
Partition Resource Summary:
---------------------------

  No Partitions were found in this design.

---------------------------


=========================================================================
Timing Report

NOTE: THESE TIMING NUMBERS ARE ONLY A SYNTHESIS ESTIMATE.
      FOR ACCURATE TIMING INFORMATION PLEASE REFER TO THE TRACE REPORT
      GENERATED AFTER PLACE-and-ROUTE.

Clock Information:
------------------
-----------------------------------+------------------------+-------+
Clock Signal                       | Clock buffer(FF name)  | Load  |
-----------------------------------+------------------------+-------+
clk                                | BUFGP                  | 9     |
-----------------------------------+------------------------+-------+

Asynchronous Control Signals Information:
----------------------------------------
No asynchronous control signals found in this design

Timing Summary:
---------------
Speed Grade: -3

   Minimum period: 2.190ns (Maximum Frequency: 456.663MHz)
   Minimum input arrival time before clock: 3.695ns
   Maximum output required time after clock: 3.874ns
   Maximum combinational path delay: 4.372ns

Timing Details:
---------------
All values displayed in nanoseconds (ns)

=========================================================================
Timing constraint: Default period analysis for Clock 'clk'
  Clock period: 2.190ns (frequency: 456.663MHz)
  Total number of paths / destination ports: 9 / 9
-------------------------------------------------------------------------
Delay:               2.190ns (Levels of Logic = 1)
  Source:            sel (FF)
  Destination:       sel (FF)
  Source Clock:      clk rising
  Destination Clock: clk rising

  Data Path: sel to sel
                                Gate     Net
    Cell:in->out      fanout   Delay   Delay  Logical Name (Net Name)
    ----------------------------------------  ------------
     FD:C->Q              10   0.447   0.856  sel (sel)
     INV:I->O              1   0.206   0.579  sel_rstpot1_INV_0 (sel_rstpot)
     FD:D                      0.102          sel
    ----------------------------------------
    Total                      2.190ns (0.755ns logic, 1.435ns route)
                                       (34.5% logic, 65.5% route)

=========================================================================
Timing constraint: Default OFFSET IN BEFORE for Clock 'clk'
  Total number of paths / destination ports: 56 / 7
-------------------------------------------------------------------------
Offset:              3.695ns (Levels of Logic = 3)
  Source:            p1<3> (PAD)
  Destination:       seg_0 (FF)
  Destination Clock: clk rising

  Data Path: p1<3> to seg_0
                                Gate     Net
    Cell:in->out      fanout   Delay   Delay  Logical Name (Net Name)
    ----------------------------------------  ------------
     IBUF:I->O             7   1.222   1.021  p1_3_IBUF (p1_3_IBUF)
     LUT4:I0->O            1   0.203   0.944  Mmux_sel_seg2[6]_wide_mux_1_OUT3_SW0 (N2)
     LUT6:I0->O            1   0.203   0.000  Mmux_sel_seg2[6]_wide_mux_1_OUT3 (sel_seg2[6]_wide_mux_1_OUT<2>)
     FD:D                      0.102          seg_2
    ----------------------------------------
    Total                      3.695ns (1.730ns logic, 1.965ns route)
                                       (46.8% logic, 53.2% route)

=========================================================================
Timing constraint: Default OFFSET OUT AFTER for Clock 'clk'
  Total number of paths / destination ports: 9 / 9
-------------------------------------------------------------------------
Offset:              3.874ns (Levels of Logic = 1)
  Source:            sel (FF)
  Destination:       common<0> (PAD)
  Source Clock:      clk rising

  Data Path: sel to common<0>
                                Gate     Net
    Cell:in->out      fanout   Delay   Delay  Logical Name (Net Name)
    ----------------------------------------  ------------
     FD:C->Q              10   0.447   0.856  sel (sel)
     OBUF:I->O                 2.571          common_0_OBUF (common<0>)
    ----------------------------------------
    Total                      3.874ns (3.018ns logic, 0.856ns route)
                                       (77.9% logic, 22.1% route)

=========================================================================
Timing constraint: Default path analysis
  Total number of paths / destination ports: 1 / 1
-------------------------------------------------------------------------
Delay:               4.372ns (Levels of Logic = 2)
  Source:            beep (PAD)
  Destination:       buzzer (PAD)

  Data Path: beep to buzzer
                                Gate     Net
    Cell:in->out      fanout   Delay   Delay  Logical Name (Net Name)
    ----------------------------------------  ------------
     IBUF:I->O             1   1.222   0.579  beep_IBUF (buzzer_OBUF)
     OBUF:I->O                 2.571          buzzer_OBUF (buzzer)
    ----------------------------------------
    Total                      4.372ns (3.793ns logic, 0.579ns route)
                                       (86.8% logic, 13.2% route)

=========================================================================

Cross Clock Domains Report:
--------------------------

Clock to Setup on destination clock clk
---------------+---------+---------+---------+---------+
               | Src:Rise| Src:Fall| Src:Rise| Src:Fall|
Source Clock   |Dest:Rise|Dest:Rise|Dest:Fall|Dest:Fall|
---------------+---------+---------+---------+---------+
clk            |    2.190|         |         |         |
---------------+---------+---------+---------+---------+

=========================================================================


Total REAL time to Xst completion: 4.00 secs
Total CPU time to Xst completion: 4.05 secs
 
--> 

Total memory usage is 4485732 kilobytes

Number of errors   :    0 (   0 filtered)
Number of warnings :    4 (   0 filtered)
Number of infos    :    1 (   0 filtered)

